<?xml version="1.0" encoding="UTF-8"?>
<!-- Generated by org.testng.reporters.JUnitXMLReporter -->
<testsuite hostname="Arpine-PC" ignored="0" name="Test" tests="4" failures="4" timestamp="02 May 2017 13:10:31 GMT" time="0.27" errors="0">
  <testcase name="@BeforeTest openBrowser" time="0.21" classname="tests.LoginTest">
    <failure type="java.lang.IllegalStateException" message="The driver executable does not exist: C:\Users\Arpine\ACA\drivers\chromedriver.exe">
      <![CDATA[java.lang.IllegalStateException: The driver executable does not exist: C:\Users\Arpine\ACA\drivers\chromedriver.exe
	at com.google.common.base.Preconditions.checkState(Preconditions.java:518)
	at org.openqa.selenium.remote.service.DriverService.checkExecutable(DriverService.java:123)
	at org.openqa.selenium.remote.service.DriverService.findExecutable(DriverService.java:118)
	at org.openqa.selenium.chrome.ChromeDriverService.access$000(ChromeDriverService.java:32)
	at org.openqa.selenium.chrome.ChromeDriverService$Builder.findDefaultExecutable(ChromeDriverService.java:137)
	at org.openqa.selenium.remote.service.DriverService$Builder.build(DriverService.java:302)
	at org.openqa.selenium.chrome.ChromeDriverService.createDefaultService(ChromeDriverService.java:88)
	at org.openqa.selenium.chrome.ChromeDriver.<init>(ChromeDriver.java:124)
	at common.Driver.driver(Driver.java:73)
	at common.Driver.getDriver(Driver.java:25)
	at tests.LoginTest.openBrowser(LoginTest.java:24)
... Removed 26 stack frames]]>
    </failure>
  </testcase> <!-- @BeforeTest openBrowser -->
  <testcase name="LoginWithEmptyFields" time="0.0" classname="tests.LoginTest">
    <failure type="java.lang.NullPointerException">
      <![CDATA[java.lang.NullPointerException
	at tests.LoginTest.LoginWithEmptyFields(LoginTest.java:32)
... Removed 28 stack frames]]>
    </failure>
  </testcase> <!-- LoginWithEmptyFields -->
  <testcase name="LoginWithInvalidCredentials" time="0.0" classname="tests.LoginTest">
    <failure type="java.lang.NullPointerException">
      <![CDATA[java.lang.NullPointerException
	at tests.LoginTest.LoginWithInvalidCredentials(LoginTest.java:47)
... Removed 28 stack frames]]>
    </failure>
  </testcase> <!-- LoginWithInvalidCredentials -->
  <testcase name="LoginWithValidCredentials" time="0.0" classname="tests.LoginTest">
    <failure type="java.lang.NullPointerException">
      <![CDATA[java.lang.NullPointerException
	at tests.LoginTest.LoginWithValidCredentials(LoginTest.java:56)
... Removed 28 stack frames]]>
    </failure>
  </testcase> <!-- LoginWithValidCredentials -->
  <testcase name="Logout" time="0.0" classname="tests.LoginTest">
    <failure type="java.lang.NullPointerException">
      <![CDATA[java.lang.NullPointerException
	at tests.LoginTest.Logout(LoginTest.java:64)
... Removed 28 stack frames]]>
    </failure>
  </testcase> <!-- Logout -->
</testsuite> <!-- Test -->
