<?xml version="1.0" encoding="UTF-8"?>
<testng-results skipped="0" failed="0" ignored="0" total="1" passed="1">
  <reporter-output>
  </reporter-output>
  <suite name="QE ACA First Suite" duration-ms="24383" started-at="2017-05-08T17:18:04Z" finished-at="2017-05-08T17:18:29Z">
    <groups>
    </groups>
    <test name="Test" duration-ms="24383" started-at="2017-05-08T17:18:04Z" finished-at="2017-05-08T17:18:29Z">
      <class name="tests.SignUp">
        <test-method status="PASS" signature="openBrowser()[pri:0, instance:tests.SignUp@4411d970]" name="openBrowser" is-config="true" duration-ms="13952" started-at="2017-05-08T21:18:04Z" finished-at="2017-05-08T21:18:18Z">
          <reporter-output>
          </reporter-output>
        </test-method> <!-- openBrowser -->
        <test-method status="PASS" signature="emptyFields()[pri:0, instance:tests.SignUp@4411d970]" name="emptyFields" duration-ms="8288" started-at="2017-05-08T21:18:18Z" finished-at="2017-05-08T21:18:27Z">
          <reporter-output>
          </reporter-output>
        </test-method> <!-- emptyFields -->
        <test-method status="PASS" signature="closeBrowser()[pri:0, instance:tests.SignUp@4411d970]" name="closeBrowser" is-config="true" duration-ms="2105" started-at="2017-05-08T21:18:27Z" finished-at="2017-05-08T21:18:29Z">
          <reporter-output>
          </reporter-output>
        </test-method> <!-- closeBrowser -->
      </class> <!-- tests.SignUp -->
    </test> <!-- Test -->
  </suite> <!-- QE ACA First Suite -->
</testng-results>
